<?xml version="1.0" encoding="UTF-8"?>
<!-- Generated by org.testng.reporters.JUnitReportReporter -->
<testsuite hostname="DESKTOP-PRTCUPL" name="com.hrms.testscripts.Testng_TC_102" tests="1" failures="0" timestamp="10 Nov 2019 10:13:12 GMT" time="13.135" errors="0">
  <testcase name="mouseoververify" time="13.135" classname="com.hrms.testscripts.Testng_TC_102"/>
</testsuite> <!-- com.hrms.testscripts.Testng_TC_102 -->
