<?xml version="1.0" encoding="UTF-8"?>
<!-- Generated by org.testng.reporters.JUnitReportReporter -->
<testsuite hostname="DESKTOP-PRTCUPL" name="com.hrms.testscripts.TC_5130" tests="4" failures="0" timestamp="11 Nov 2019 15:27:30 GMT" time="0.058" errors="0">
  <testcase name="meth3" time="0.007" classname="com.hrms.testscripts.TC_5130"/>
  <testcase name="meth2" time="0.008" classname="com.hrms.testscripts.TC_5130"/>
  <testcase name="meth1" time="0.040" classname="com.hrms.testscripts.TC_5130"/>
  <testcase name="meth4" time="0.003" classname="com.hrms.testscripts.TC_5130"/>
</testsuite> <!-- com.hrms.testscripts.TC_5130 -->
