<?xml version="1.0" encoding="UTF-8"?>
<!-- Generated by org.testng.reporters.JUnitReportReporter -->
<testsuite hostname="DESKTOP-PRTCUPL" name="com.hrms.testscripts.Testng_TC_101" tests="1" failures="0" timestamp="10 Nov 2019 10:25:00 GMT" time="21.515" errors="0">
  <testcase name="Login" time="21.515" classname="com.hrms.testscripts.Testng_TC_101"/>
</testsuite> <!-- com.hrms.testscripts.Testng_TC_101 -->
