<?xml version="1.0" encoding="UTF-8"?>
<!-- Generated by org.testng.reporters.JUnitReportReporter -->
<testsuite hostname="DESKTOP-PRTCUPL" name="Testng_Example.Loginlogout" tests="2" failures="0" timestamp="10 Nov 2019 08:45:45 GMT" time="0.030" errors="0">
  <testcase name="addEmp" time="0.020" classname="Testng_Example.Loginlogout"/>
  <testcase name="delEmp" time="0.010" classname="Testng_Example.Loginlogout"/>
</testsuite> <!-- Testng_Example.Loginlogout -->
